2020-11-30 15:18:11.781  INFO 33952 --- [restartedMain] b.c.rti.rifareal.RifarealApiApplication  : Starting RifarealApiApplication using Java 1.8.0_152 on DESKTOP-LGN2OS7 with PID 33952 (C:\Git\rifareal-api\target\classes started by Rafael in C:\Git\rifareal-api)
2020-11-30 15:18:11.789  INFO 33952 --- [restartedMain] b.c.rti.rifareal.RifarealApiApplication  : The following profiles are active: dev
2020-11-30 15:18:11.879  INFO 33952 --- [restartedMain] .e.DevToolsPropertyDefaultsPostProcessor : Devtools property defaults active! Set 'spring.devtools.add-properties' to 'false' to disable
2020-11-30 15:18:11.880  INFO 33952 --- [restartedMain] .e.DevToolsPropertyDefaultsPostProcessor : For additional web related logging consider setting the 'logging.level.web' property to 'DEBUG'
2020-11-30 15:18:13.202  INFO 33952 --- [restartedMain] .s.d.r.c.RepositoryConfigurationDelegate : Multiple Spring Data modules found, entering strict repository configuration mode!
2020-11-30 15:18:13.204  INFO 33952 --- [restartedMain] .s.d.r.c.RepositoryConfigurationDelegate : Bootstrapping Spring Data JDBC repositories in DEFAULT mode.
2020-11-30 15:18:13.267  INFO 33952 --- [restartedMain] .RepositoryConfigurationExtensionSupport : Spring Data JDBC - Could not safely identify store assignment for repository candidate interface br.com.rti.rifareal.repositories.NumeroRifaRepository. If you want this repository to be a JDBC repository, consider annotating your entities with one of these annotations: org.springframework.data.relational.core.mapping.Table.
2020-11-30 15:18:13.270  INFO 33952 --- [restartedMain] .RepositoryConfigurationExtensionSupport : Spring Data JDBC - Could not safely identify store assignment for repository candidate interface br.com.rti.rifareal.repositories.OrdemDeCompraRepository. If you want this repository to be a JDBC repository, consider annotating your entities with one of these annotations: org.springframework.data.relational.core.mapping.Table.
2020-11-30 15:18:13.292  INFO 33952 --- [restartedMain] .RepositoryConfigurationExtensionSupport : Spring Data JDBC - Could not safely identify store assignment for repository candidate interface br.com.rti.rifareal.repositories.RifaRepository. If you want this repository to be a JDBC repository, consider annotating your entities with one of these annotations: org.springframework.data.relational.core.mapping.Table.
2020-11-30 15:18:13.295  INFO 33952 --- [restartedMain] .s.d.r.c.RepositoryConfigurationDelegate : Finished Spring Data repository scanning in 80 ms. Found 0 JDBC repository interfaces.
2020-11-30 15:18:13.309  INFO 33952 --- [restartedMain] .s.d.r.c.RepositoryConfigurationDelegate : Multiple Spring Data modules found, entering strict repository configuration mode!
2020-11-30 15:18:13.310  INFO 33952 --- [restartedMain] .s.d.r.c.RepositoryConfigurationDelegate : Bootstrapping Spring Data JPA repositories in DEFERRED mode.
2020-11-30 15:18:13.392  INFO 33952 --- [restartedMain] .s.d.r.c.RepositoryConfigurationDelegate : Finished Spring Data repository scanning in 73 ms. Found 3 JPA repository interfaces.
2020-11-30 15:18:14.138  INFO 33952 --- [restartedMain] trationDelegate$BeanPostProcessorChecker : Bean 'org.springframework.ws.config.annotation.DelegatingWsConfiguration' of type [org.springframework.ws.config.annotation.DelegatingWsConfiguration$$EnhancerBySpringCGLIB$$8c6d56e1] is not eligible for getting processed by all BeanPostProcessors (for example: not eligible for auto-proxying)
2020-11-30 15:18:14.456  INFO 33952 --- [restartedMain] .w.s.a.s.AnnotationActionEndpointMapping : Supporting [WS-Addressing August 2004, WS-Addressing 1.0]
2020-11-30 15:18:15.518  INFO 33952 --- [restartedMain] o.s.b.w.embedded.tomcat.TomcatWebServer  : Tomcat initialized with port(s): 8080 (http)
2020-11-30 15:18:15.568  INFO 33952 --- [restartedMain] o.apache.catalina.core.StandardService   : Starting service [Tomcat]
2020-11-30 15:18:15.569  INFO 33952 --- [restartedMain] org.apache.catalina.core.StandardEngine  : Starting Servlet engine: [Apache Tomcat/9.0.39]
2020-11-30 15:18:15.755  INFO 33952 --- [restartedMain] o.a.c.c.C.[.[localhost].[/dev/v1]        : Initializing Spring embedded WebApplicationContext
2020-11-30 15:18:15.756  INFO 33952 --- [restartedMain] w.s.c.ServletWebServerApplicationContext : Root WebApplicationContext: initialization completed in 3875 ms
2020-11-30 15:18:16.290  INFO 33952 --- [restartedMain] o.s.s.concurrent.ThreadPoolTaskExecutor  : Initializing ExecutorService 'applicationTaskExecutor'
2020-11-30 15:18:16.431  INFO 33952 --- [task-1] o.hibernate.jpa.internal.util.LogHelper  : HHH000204: Processing PersistenceUnitInfo [name: default]
2020-11-30 15:18:16.525  WARN 33952 --- [restartedMain] JpaBaseConfiguration$JpaWebConfiguration : spring.jpa.open-in-view is enabled by default. Therefore, database queries may be performed during view rendering. Explicitly configure spring.jpa.open-in-view to disable this warning
2020-11-30 15:18:16.726  INFO 33952 --- [task-1] org.hibernate.Version                    : HHH000412: Hibernate ORM core version 5.4.23.Final
2020-11-30 15:18:17.484  INFO 33952 --- [task-1] o.hibernate.annotations.common.Version   : HCANN000001: Hibernate Commons Annotations {5.1.2.Final}
2020-11-30 15:18:17.564  INFO 33952 --- [restartedMain] .s.s.UserDetailsServiceAutoConfiguration : 

Using generated security password: 05e5bde2-5ea0-468e-8778-a05bd302aefe

2020-11-30 15:18:17.779  INFO 33952 --- [task-1] com.zaxxer.hikari.HikariDataSource       : HikariPool-1 - Starting...
2020-11-30 15:18:17.850  INFO 33952 --- [restartedMain] o.s.s.web.DefaultSecurityFilterChain     : Will secure any request with [org.springframework.security.web.context.request.async.WebAsyncManagerIntegrationFilter@129991d3, org.springframework.security.web.context.SecurityContextPersistenceFilter@11748ac4, org.springframework.security.web.header.HeaderWriterFilter@c45c581, org.springframework.security.web.savedrequest.RequestCacheAwareFilter@6eb4eec3, org.springframework.security.web.servletapi.SecurityContextHolderAwareRequestFilter@51b4b1ba, org.springframework.security.web.authentication.AnonymousAuthenticationFilter@4e9fa286, org.springframework.security.web.session.SessionManagementFilter@701713d0, org.springframework.security.web.access.ExceptionTranslationFilter@76ab73fa, org.springframework.security.web.access.intercept.FilterSecurityInterceptor@40059a7f]
2020-11-30 15:18:18.410  INFO 33952 --- [task-1] com.zaxxer.hikari.HikariDataSource       : HikariPool-1 - Start completed.
2020-11-30 15:18:18.456  INFO 33952 --- [task-1] org.hibernate.dialect.Dialect            : HHH000400: Using dialect: org.hibernate.dialect.MySQL57Dialect
2020-11-30 15:18:18.676  INFO 33952 --- [restartedMain] o.s.b.d.a.OptionalLiveReloadServer       : LiveReload server is running on port 35729
2020-11-30 15:18:18.754  INFO 33952 --- [restartedMain] o.s.b.w.embedded.tomcat.TomcatWebServer  : Tomcat started on port(s): 8080 (http) with context path '/dev/v1'
2020-11-30 15:18:18.761  INFO 33952 --- [restartedMain] DeferredRepositoryInitializationListener : Triggering deferred initialization of Spring Data repositories…
2020-11-30 15:18:19.720  INFO 33952 --- [task-1] o.h.e.t.j.p.i.JtaPlatformInitiator       : HHH000490: Using JtaPlatform implementation: [org.hibernate.engine.transaction.jta.platform.internal.NoJtaPlatform]
2020-11-30 15:18:19.735  INFO 33952 --- [task-1] j.LocalContainerEntityManagerFactoryBean : Initialized JPA EntityManagerFactory for persistence unit 'default'
2020-11-30 15:18:20.120  INFO 33952 --- [restartedMain] DeferredRepositoryInitializationListener : Spring Data repositories initialized!
2020-11-30 15:18:20.131  INFO 33952 --- [restartedMain] b.c.rti.rifareal.RifarealApiApplication  : Started RifarealApiApplication in 9.074 seconds (JVM running for 11.409)
2020-11-30 15:20:12.606  INFO 33952 --- [http-nio-8080-exec-1] o.a.c.c.C.[.[localhost].[/dev/v1]        : Initializing Spring DispatcherServlet 'dispatcherServlet'
2020-11-30 15:20:12.607  INFO 33952 --- [http-nio-8080-exec-1] o.s.web.servlet.DispatcherServlet        : Initializing Servlet 'dispatcherServlet'
2020-11-30 15:20:12.608  INFO 33952 --- [http-nio-8080-exec-1] o.s.web.servlet.DispatcherServlet        : Completed initialization in 1 ms
2020-11-30 15:22:29.895  INFO 33952 --- [Thread-7] j.LocalContainerEntityManagerFactoryBean : Closing JPA EntityManagerFactory for persistence unit 'default'
2020-11-30 15:22:29.898  INFO 33952 --- [Thread-7] o.s.s.concurrent.ThreadPoolTaskExecutor  : Shutting down ExecutorService 'applicationTaskExecutor'
2020-11-30 15:22:29.902  INFO 33952 --- [Thread-7] com.zaxxer.hikari.HikariDataSource       : HikariPool-1 - Shutdown initiated...
2020-11-30 15:22:29.915  INFO 33952 --- [Thread-7] com.zaxxer.hikari.HikariDataSource       : HikariPool-1 - Shutdown completed.
2020-11-30 15:22:30.154  INFO 33952 --- [restartedMain] b.c.rti.rifareal.RifarealApiApplication  : Starting RifarealApiApplication using Java 1.8.0_152 on DESKTOP-LGN2OS7 with PID 33952 (C:\Git\rifareal-api\target\classes started by Rafael in C:\Git\rifareal-api)
2020-11-30 15:22:30.155  INFO 33952 --- [restartedMain] b.c.rti.rifareal.RifarealApiApplication  : The following profiles are active: dev
2020-11-30 15:22:30.412  INFO 33952 --- [restartedMain] .s.d.r.c.RepositoryConfigurationDelegate : Multiple Spring Data modules found, entering strict repository configuration mode!
2020-11-30 15:22:30.413  INFO 33952 --- [restartedMain] .s.d.r.c.RepositoryConfigurationDelegate : Bootstrapping Spring Data JDBC repositories in DEFAULT mode.
2020-11-30 15:22:30.424  INFO 33952 --- [restartedMain] .RepositoryConfigurationExtensionSupport : Spring Data JDBC - Could not safely identify store assignment for repository candidate interface br.com.rti.rifareal.repositories.NumeroRifaRepository. If you want this repository to be a JDBC repository, consider annotating your entities with one of these annotations: org.springframework.data.relational.core.mapping.Table.
2020-11-30 15:22:30.425  INFO 33952 --- [restartedMain] .RepositoryConfigurationExtensionSupport : Spring Data JDBC - Could not safely identify store assignment for repository candidate interface br.com.rti.rifareal.repositories.OrdemDeCompraRepository. If you want this repository to be a JDBC repository, consider annotating your entities with one of these annotations: org.springframework.data.relational.core.mapping.Table.
2020-11-30 15:22:30.426  INFO 33952 --- [restartedMain] .RepositoryConfigurationExtensionSupport : Spring Data JDBC - Could not safely identify store assignment for repository candidate interface br.com.rti.rifareal.repositories.RifaRepository. If you want this repository to be a JDBC repository, consider annotating your entities with one of these annotations: org.springframework.data.relational.core.mapping.Table.
2020-11-30 15:22:30.426  INFO 33952 --- [restartedMain] .s.d.r.c.RepositoryConfigurationDelegate : Finished Spring Data repository scanning in 13 ms. Found 0 JDBC repository interfaces.
2020-11-30 15:22:30.429  INFO 33952 --- [restartedMain] .s.d.r.c.RepositoryConfigurationDelegate : Multiple Spring Data modules found, entering strict repository configuration mode!
2020-11-30 15:22:30.429  INFO 33952 --- [restartedMain] .s.d.r.c.RepositoryConfigurationDelegate : Bootstrapping Spring Data JPA repositories in DEFERRED mode.
2020-11-30 15:22:30.448  INFO 33952 --- [restartedMain] .s.d.r.c.RepositoryConfigurationDelegate : Finished Spring Data repository scanning in 18 ms. Found 3 JPA repository interfaces.
2020-11-30 15:22:30.509  INFO 33952 --- [restartedMain] trationDelegate$BeanPostProcessorChecker : Bean 'org.springframework.ws.config.annotation.DelegatingWsConfiguration' of type [org.springframework.ws.config.annotation.DelegatingWsConfiguration$$EnhancerBySpringCGLIB$$8c6d56e1] is not eligible for getting processed by all BeanPostProcessors (for example: not eligible for auto-proxying)
2020-11-30 15:22:30.510  INFO 33952 --- [restartedMain] .w.s.a.s.AnnotationActionEndpointMapping : Supporting [WS-Addressing August 2004, WS-Addressing 1.0]
2020-11-30 15:22:30.615  INFO 33952 --- [restartedMain] o.s.b.w.embedded.tomcat.TomcatWebServer  : Tomcat initialized with port(s): 8080 (http)
2020-11-30 15:22:30.616  INFO 33952 --- [restartedMain] o.apache.catalina.core.StandardService   : Starting service [Tomcat]
2020-11-30 15:22:30.616  INFO 33952 --- [restartedMain] org.apache.catalina.core.StandardEngine  : Starting Servlet engine: [Apache Tomcat/9.0.39]
2020-11-30 15:22:30.645  INFO 33952 --- [restartedMain] o.a.c.c.C.[.[localhost].[/dev/v1]        : Initializing Spring embedded WebApplicationContext
2020-11-30 15:22:30.645  INFO 33952 --- [restartedMain] w.s.c.ServletWebServerApplicationContext : Root WebApplicationContext: initialization completed in 487 ms
2020-11-30 15:22:30.690  INFO 33952 --- [restartedMain] o.s.s.concurrent.ThreadPoolTaskExecutor  : Initializing ExecutorService 'applicationTaskExecutor'
2020-11-30 15:22:30.698  INFO 33952 --- [task-1] o.hibernate.jpa.internal.util.LogHelper  : HHH000204: Processing PersistenceUnitInfo [name: default]
2020-11-30 15:22:30.708  INFO 33952 --- [task-1] com.zaxxer.hikari.HikariDataSource       : HikariPool-2 - Starting...
2020-11-30 15:22:30.713  INFO 33952 --- [task-1] com.zaxxer.hikari.HikariDataSource       : HikariPool-2 - Start completed.
2020-11-30 15:22:30.713  INFO 33952 --- [task-1] org.hibernate.dialect.Dialect            : HHH000400: Using dialect: org.hibernate.dialect.MySQL57Dialect
2020-11-30 15:22:30.729  WARN 33952 --- [restartedMain] JpaBaseConfiguration$JpaWebConfiguration : spring.jpa.open-in-view is enabled by default. Therefore, database queries may be performed during view rendering. Explicitly configure spring.jpa.open-in-view to disable this warning
2020-11-30 15:22:30.795  INFO 33952 --- [task-1] o.h.e.t.j.p.i.JtaPlatformInitiator       : HHH000490: Using JtaPlatform implementation: [org.hibernate.engine.transaction.jta.platform.internal.NoJtaPlatform]
2020-11-30 15:22:30.796  INFO 33952 --- [task-1] j.LocalContainerEntityManagerFactoryBean : Initialized JPA EntityManagerFactory for persistence unit 'default'
2020-11-30 15:22:30.813  INFO 33952 --- [restartedMain] .s.s.UserDetailsServiceAutoConfiguration : 

Using generated security password: 950cf755-d6a9-4fe5-8ad0-b8abc49b337d

2020-11-30 15:22:30.824  INFO 33952 --- [restartedMain] o.s.s.web.DefaultSecurityFilterChain     : Will secure any request with [org.springframework.security.web.context.request.async.WebAsyncManagerIntegrationFilter@68e696c6, org.springframework.security.web.context.SecurityContextPersistenceFilter@7ca9c153, org.springframework.security.web.header.HeaderWriterFilter@7ffd18ca, org.springframework.security.web.savedrequest.RequestCacheAwareFilter@36db646c, org.springframework.security.web.servletapi.SecurityContextHolderAwareRequestFilter@21f71135, org.springframework.security.web.authentication.AnonymousAuthenticationFilter@78a1893d, org.springframework.security.web.session.SessionManagementFilter@3a17ef01, org.springframework.security.web.access.ExceptionTranslationFilter@a95238, org.springframework.security.web.access.intercept.FilterSecurityInterceptor@5f260f8a]
2020-11-30 15:22:30.837  INFO 33952 --- [task-2] o.s.b.d.a.OptionalLiveReloadServer       : LiveReload server is running on port 35729
2020-11-30 15:22:30.915  INFO 33952 --- [restartedMain] o.s.b.w.embedded.tomcat.TomcatWebServer  : Tomcat started on port(s): 8080 (http) with context path '/dev/v1'
2020-11-30 15:22:30.916  INFO 33952 --- [restartedMain] DeferredRepositoryInitializationListener : Triggering deferred initialization of Spring Data repositories…
2020-11-30 15:22:31.014  INFO 33952 --- [restartedMain] DeferredRepositoryInitializationListener : Spring Data repositories initialized!
2020-11-30 15:22:31.018  INFO 33952 --- [restartedMain] b.c.rti.rifareal.RifarealApiApplication  : Started RifarealApiApplication in 0.903 seconds (JVM running for 262.296)
2020-11-30 15:22:31.021  INFO 33952 --- [restartedMain] .ConditionEvaluationDeltaLoggingListener : Condition evaluation unchanged
2020-11-30 15:22:36.926  INFO 33952 --- [Thread-10] j.LocalContainerEntityManagerFactoryBean : Closing JPA EntityManagerFactory for persistence unit 'default'
2020-11-30 15:22:36.927  INFO 33952 --- [Thread-10] o.s.s.concurrent.ThreadPoolTaskExecutor  : Shutting down ExecutorService 'applicationTaskExecutor'
2020-11-30 15:22:36.928  INFO 33952 --- [Thread-10] com.zaxxer.hikari.HikariDataSource       : HikariPool-2 - Shutdown initiated...
2020-11-30 15:22:36.938  INFO 33952 --- [Thread-10] com.zaxxer.hikari.HikariDataSource       : HikariPool-2 - Shutdown completed.
2020-11-30 15:22:37.139  INFO 33952 --- [restartedMain] b.c.rti.rifareal.RifarealApiApplication  : Starting RifarealApiApplication using Java 1.8.0_152 on DESKTOP-LGN2OS7 with PID 33952 (C:\Git\rifareal-api\target\classes started by Rafael in C:\Git\rifareal-api)
2020-11-30 15:22:37.140  INFO 33952 --- [restartedMain] b.c.rti.rifareal.RifarealApiApplication  : The following profiles are active: dev
2020-11-30 15:22:37.386  INFO 33952 --- [restartedMain] .s.d.r.c.RepositoryConfigurationDelegate : Multiple Spring Data modules found, entering strict repository configuration mode!
2020-11-30 15:22:37.386  INFO 33952 --- [restartedMain] .s.d.r.c.RepositoryConfigurationDelegate : Bootstrapping Spring Data JDBC repositories in DEFAULT mode.
2020-11-30 15:22:37.394  INFO 33952 --- [restartedMain] .RepositoryConfigurationExtensionSupport : Spring Data JDBC - Could not safely identify store assignment for repository candidate interface br.com.rti.rifareal.repositories.NumeroRifaRepository. If you want this repository to be a JDBC repository, consider annotating your entities with one of these annotations: org.springframework.data.relational.core.mapping.Table.
2020-11-30 15:22:37.395  INFO 33952 --- [restartedMain] .RepositoryConfigurationExtensionSupport : Spring Data JDBC - Could not safely identify store assignment for repository candidate interface br.com.rti.rifareal.repositories.OrdemDeCompraRepository. If you want this repository to be a JDBC repository, consider annotating your entities with one of these annotations: org.springframework.data.relational.core.mapping.Table.
2020-11-30 15:22:37.396  INFO 33952 --- [restartedMain] .RepositoryConfigurationExtensionSupport : Spring Data JDBC - Could not safely identify store assignment for repository candidate interface br.com.rti.rifareal.repositories.RifaRepository. If you want this repository to be a JDBC repository, consider annotating your entities with one of these annotations: org.springframework.data.relational.core.mapping.Table.
2020-11-30 15:22:37.396  INFO 33952 --- [restartedMain] .s.d.r.c.RepositoryConfigurationDelegate : Finished Spring Data repository scanning in 9 ms. Found 0 JDBC repository interfaces.
2020-11-30 15:22:37.402  INFO 33952 --- [restartedMain] .s.d.r.c.RepositoryConfigurationDelegate : Multiple Spring Data modules found, entering strict repository configuration mode!
2020-11-30 15:22:37.402  INFO 33952 --- [restartedMain] .s.d.r.c.RepositoryConfigurationDelegate : Bootstrapping Spring Data JPA repositories in DEFERRED mode.
2020-11-30 15:22:37.419  INFO 33952 --- [restartedMain] .s.d.r.c.RepositoryConfigurationDelegate : Finished Spring Data repository scanning in 16 ms. Found 3 JPA repository interfaces.
2020-11-30 15:22:37.473  INFO 33952 --- [restartedMain] trationDelegate$BeanPostProcessorChecker : Bean 'org.springframework.ws.config.annotation.DelegatingWsConfiguration' of type [org.springframework.ws.config.annotation.DelegatingWsConfiguration$$EnhancerBySpringCGLIB$$8c6d56e1] is not eligible for getting processed by all BeanPostProcessors (for example: not eligible for auto-proxying)
2020-11-30 15:22:37.475  INFO 33952 --- [restartedMain] .w.s.a.s.AnnotationActionEndpointMapping : Supporting [WS-Addressing August 2004, WS-Addressing 1.0]
2020-11-30 15:22:37.525  INFO 33952 --- [restartedMain] o.s.b.w.embedded.tomcat.TomcatWebServer  : Tomcat initialized with port(s): 8080 (http)
2020-11-30 15:22:37.526  INFO 33952 --- [restartedMain] o.apache.catalina.core.StandardService   : Starting service [Tomcat]
2020-11-30 15:22:37.526  INFO 33952 --- [restartedMain] org.apache.catalina.core.StandardEngine  : Starting Servlet engine: [Apache Tomcat/9.0.39]
2020-11-30 15:22:37.540  INFO 33952 --- [restartedMain] o.a.c.c.C.[.[localhost].[/dev/v1]        : Initializing Spring embedded WebApplicationContext
2020-11-30 15:22:37.540  INFO 33952 --- [restartedMain] w.s.c.ServletWebServerApplicationContext : Root WebApplicationContext: initialization completed in 396 ms
2020-11-30 15:22:37.583  INFO 33952 --- [restartedMain] o.s.s.concurrent.ThreadPoolTaskExecutor  : Initializing ExecutorService 'applicationTaskExecutor'
2020-11-30 15:22:37.590  INFO 33952 --- [task-1] o.hibernate.jpa.internal.util.LogHelper  : HHH000204: Processing PersistenceUnitInfo [name: default]
2020-11-30 15:22:37.598  INFO 33952 --- [task-1] com.zaxxer.hikari.HikariDataSource       : HikariPool-3 - Starting...
2020-11-30 15:22:37.604  INFO 33952 --- [task-1] com.zaxxer.hikari.HikariDataSource       : HikariPool-3 - Start completed.
2020-11-30 15:22:37.605  INFO 33952 --- [task-1] org.hibernate.dialect.Dialect            : HHH000400: Using dialect: org.hibernate.dialect.MySQL57Dialect
2020-11-30 15:22:37.618  WARN 33952 --- [restartedMain] JpaBaseConfiguration$JpaWebConfiguration : spring.jpa.open-in-view is enabled by default. Therefore, database queries may be performed during view rendering. Explicitly configure spring.jpa.open-in-view to disable this warning
2020-11-30 15:22:37.691  INFO 33952 --- [task-1] o.h.e.t.j.p.i.JtaPlatformInitiator       : HHH000490: Using JtaPlatform implementation: [org.hibernate.engine.transaction.jta.platform.internal.NoJtaPlatform]
2020-11-30 15:22:37.691  INFO 33952 --- [task-1] j.LocalContainerEntityManagerFactoryBean : Initialized JPA EntityManagerFactory for persistence unit 'default'
2020-11-30 15:22:37.704  INFO 33952 --- [restartedMain] .s.s.UserDetailsServiceAutoConfiguration : 

Using generated security password: eea0a23b-62ba-4a52-bdc0-e592987607c3

2020-11-30 15:22:37.713  INFO 33952 --- [restartedMain] o.s.s.web.DefaultSecurityFilterChain     : Will secure any request with [org.springframework.security.web.context.request.async.WebAsyncManagerIntegrationFilter@278e5031, org.springframework.security.web.context.SecurityContextPersistenceFilter@26bb9a5f, org.springframework.security.web.header.HeaderWriterFilter@5efbef02, org.springframework.security.web.savedrequest.RequestCacheAwareFilter@69c69ae5, org.springframework.security.web.servletapi.SecurityContextHolderAwareRequestFilter@68c4eb20, org.springframework.security.web.authentication.AnonymousAuthenticationFilter@244205c, org.springframework.security.web.session.SessionManagementFilter@2163bca4, org.springframework.security.web.access.ExceptionTranslationFilter@6844fecb, org.springframework.security.web.access.intercept.FilterSecurityInterceptor@5e0f38d3]
2020-11-30 15:22:37.717  INFO 33952 --- [task-2] o.s.b.d.a.OptionalLiveReloadServer       : LiveReload server is running on port 35729
2020-11-30 15:22:37.789  INFO 33952 --- [restartedMain] o.s.b.w.embedded.tomcat.TomcatWebServer  : Tomcat started on port(s): 8080 (http) with context path '/dev/v1'
2020-11-30 15:22:37.790  INFO 33952 --- [restartedMain] DeferredRepositoryInitializationListener : Triggering deferred initialization of Spring Data repositories…
2020-11-30 15:22:37.880  INFO 33952 --- [restartedMain] DeferredRepositoryInitializationListener : Spring Data repositories initialized!
2020-11-30 15:22:37.885  INFO 33952 --- [restartedMain] b.c.rti.rifareal.RifarealApiApplication  : Started RifarealApiApplication in 0.783 seconds (JVM running for 269.163)
2020-11-30 15:22:37.886  INFO 33952 --- [restartedMain] .ConditionEvaluationDeltaLoggingListener : Condition evaluation unchanged
2020-11-30 15:22:44.176  INFO 33952 --- [http-nio-8080-exec-1] o.a.c.c.C.[.[localhost].[/dev/v1]        : Initializing Spring DispatcherServlet 'dispatcherServlet'
2020-11-30 15:22:44.177  INFO 33952 --- [http-nio-8080-exec-1] o.s.web.servlet.DispatcherServlet        : Initializing Servlet 'dispatcherServlet'
2020-11-30 15:22:44.179  INFO 33952 --- [http-nio-8080-exec-1] o.s.web.servlet.DispatcherServlet        : Completed initialization in 2 ms
2020-11-30 15:26:33.974  INFO 40696 --- [restartedMain] b.c.rti.rifareal.RifarealApiApplication  : Starting RifarealApiApplication using Java 1.8.0_152 on DESKTOP-LGN2OS7 with PID 40696 (C:\Git\rifareal-api\target\classes started by Rafael in C:\Git\rifareal-api)
2020-11-30 15:26:33.979  INFO 40696 --- [restartedMain] b.c.rti.rifareal.RifarealApiApplication  : The following profiles are active: dev
2020-11-30 15:26:34.047  INFO 40696 --- [restartedMain] .e.DevToolsPropertyDefaultsPostProcessor : Devtools property defaults active! Set 'spring.devtools.add-properties' to 'false' to disable
2020-11-30 15:26:34.047  INFO 40696 --- [restartedMain] .e.DevToolsPropertyDefaultsPostProcessor : For additional web related logging consider setting the 'logging.level.web' property to 'DEBUG'
2020-11-30 15:26:35.067  INFO 40696 --- [restartedMain] .s.d.r.c.RepositoryConfigurationDelegate : Multiple Spring Data modules found, entering strict repository configuration mode!
2020-11-30 15:26:35.068  INFO 40696 --- [restartedMain] .s.d.r.c.RepositoryConfigurationDelegate : Bootstrapping Spring Data JDBC repositories in DEFAULT mode.
2020-11-30 15:26:35.109  INFO 40696 --- [restartedMain] .RepositoryConfigurationExtensionSupport : Spring Data JDBC - Could not safely identify store assignment for repository candidate interface br.com.rti.rifareal.repositories.NumeroRifaRepository. If you want this repository to be a JDBC repository, consider annotating your entities with one of these annotations: org.springframework.data.relational.core.mapping.Table.
2020-11-30 15:26:35.110  INFO 40696 --- [restartedMain] .RepositoryConfigurationExtensionSupport : Spring Data JDBC - Could not safely identify store assignment for repository candidate interface br.com.rti.rifareal.repositories.OrdemDeCompraRepository. If you want this repository to be a JDBC repository, consider annotating your entities with one of these annotations: org.springframework.data.relational.core.mapping.Table.
2020-11-30 15:26:35.112  INFO 40696 --- [restartedMain] .RepositoryConfigurationExtensionSupport : Spring Data JDBC - Could not safely identify store assignment for repository candidate interface br.com.rti.rifareal.repositories.RifaRepository. If you want this repository to be a JDBC repository, consider annotating your entities with one of these annotations: org.springframework.data.relational.core.mapping.Table.
2020-11-30 15:26:35.114  INFO 40696 --- [restartedMain] .s.d.r.c.RepositoryConfigurationDelegate : Finished Spring Data repository scanning in 41 ms. Found 0 JDBC repository interfaces.
2020-11-30 15:26:35.127  INFO 40696 --- [restartedMain] .s.d.r.c.RepositoryConfigurationDelegate : Multiple Spring Data modules found, entering strict repository configuration mode!
2020-11-30 15:26:35.128  INFO 40696 --- [restartedMain] .s.d.r.c.RepositoryConfigurationDelegate : Bootstrapping Spring Data JPA repositories in DEFERRED mode.
2020-11-30 15:26:35.185  INFO 40696 --- [restartedMain] .s.d.r.c.RepositoryConfigurationDelegate : Finished Spring Data repository scanning in 48 ms. Found 3 JPA repository interfaces.
2020-11-30 15:26:35.609  INFO 40696 --- [restartedMain] trationDelegate$BeanPostProcessorChecker : Bean 'org.springframework.ws.config.annotation.DelegatingWsConfiguration' of type [org.springframework.ws.config.annotation.DelegatingWsConfiguration$$EnhancerBySpringCGLIB$$77590b3e] is not eligible for getting processed by all BeanPostProcessors (for example: not eligible for auto-proxying)
2020-11-30 15:26:35.678  INFO 40696 --- [restartedMain] .w.s.a.s.AnnotationActionEndpointMapping : Supporting [WS-Addressing August 2004, WS-Addressing 1.0]
2020-11-30 15:26:36.088  INFO 40696 --- [restartedMain] o.s.b.w.embedded.tomcat.TomcatWebServer  : Tomcat initialized with port(s): 8080 (http)
2020-11-30 15:26:36.104  INFO 40696 --- [restartedMain] o.apache.catalina.core.StandardService   : Starting service [Tomcat]
2020-11-30 15:26:36.105  INFO 40696 --- [restartedMain] org.apache.catalina.core.StandardEngine  : Starting Servlet engine: [Apache Tomcat/9.0.39]
2020-11-30 15:26:36.226  INFO 40696 --- [restartedMain] o.a.c.c.C.[.[localhost].[/dev/v1]        : Initializing Spring embedded WebApplicationContext
2020-11-30 15:26:36.226  INFO 40696 --- [restartedMain] w.s.c.ServletWebServerApplicationContext : Root WebApplicationContext: initialization completed in 2165 ms
2020-11-30 15:26:36.400  INFO 40696 --- [restartedMain] o.s.s.concurrent.ThreadPoolTaskExecutor  : Initializing ExecutorService 'applicationTaskExecutor'
2020-11-30 15:26:36.441  INFO 40696 --- [task-1] o.hibernate.jpa.internal.util.LogHelper  : HHH000204: Processing PersistenceUnitInfo [name: default]
2020-11-30 15:26:36.480  WARN 40696 --- [restartedMain] JpaBaseConfiguration$JpaWebConfiguration : spring.jpa.open-in-view is enabled by default. Therefore, database queries may be performed during view rendering. Explicitly configure spring.jpa.open-in-view to disable this warning
2020-11-30 15:26:36.493  INFO 40696 --- [task-1] org.hibernate.Version                    : HHH000412: Hibernate ORM core version 5.4.23.Final
2020-11-30 15:26:36.864  INFO 40696 --- [task-1] o.hibernate.annotations.common.Version   : HCANN000001: Hibernate Commons Annotations {5.1.2.Final}
2020-11-30 15:26:36.979  INFO 40696 --- [restartedMain] .s.s.UserDetailsServiceAutoConfiguration : 

Using generated security password: 4c96b612-ea80-40b7-9be3-932b63b6a685

2020-11-30 15:26:37.037  INFO 40696 --- [task-1] com.zaxxer.hikari.HikariDataSource       : HikariPool-1 - Starting...
2020-11-30 15:26:37.148  INFO 40696 --- [restartedMain] o.s.s.web.DefaultSecurityFilterChain     : Will secure any request with [org.springframework.security.web.context.request.async.WebAsyncManagerIntegrationFilter@13110962, org.springframework.security.web.context.SecurityContextPersistenceFilter@78585136, org.springframework.security.web.header.HeaderWriterFilter@f5e061a, org.springframework.security.web.savedrequest.RequestCacheAwareFilter@27ca5d5c, org.springframework.security.web.servletapi.SecurityContextHolderAwareRequestFilter@3659d7f0, org.springframework.security.web.authentication.AnonymousAuthenticationFilter@51390bdd, org.springframework.security.web.session.SessionManagementFilter@6b56156, org.springframework.security.web.access.ExceptionTranslationFilter@42ffd977, org.springframework.security.web.access.intercept.FilterSecurityInterceptor@1d57cf5d]
2020-11-30 15:26:37.377  INFO 40696 --- [task-1] com.zaxxer.hikari.HikariDataSource       : HikariPool-1 - Start completed.
2020-11-30 15:26:37.415  INFO 40696 --- [task-1] org.hibernate.dialect.Dialect            : HHH000400: Using dialect: org.hibernate.dialect.MySQL57Dialect
2020-11-30 15:26:37.636  INFO 40696 --- [restartedMain] o.s.b.d.a.OptionalLiveReloadServer       : LiveReload server is running on port 35729
2020-11-30 15:26:37.681  INFO 40696 --- [restartedMain] o.s.b.w.embedded.tomcat.TomcatWebServer  : Tomcat started on port(s): 8080 (http) with context path '/dev/v1'
2020-11-30 15:26:37.686  INFO 40696 --- [restartedMain] DeferredRepositoryInitializationListener : Triggering deferred initialization of Spring Data repositories…
2020-11-30 15:26:38.311  INFO 40696 --- [task-1] o.h.e.t.j.p.i.JtaPlatformInitiator       : HHH000490: Using JtaPlatform implementation: [org.hibernate.engine.transaction.jta.platform.internal.NoJtaPlatform]
2020-11-30 15:26:38.323  INFO 40696 --- [task-1] j.LocalContainerEntityManagerFactoryBean : Initialized JPA EntityManagerFactory for persistence unit 'default'
2020-11-30 15:26:38.655  INFO 40696 --- [restartedMain] DeferredRepositoryInitializationListener : Spring Data repositories initialized!
2020-11-30 15:26:38.662  INFO 40696 --- [restartedMain] b.c.rti.rifareal.RifarealApiApplication  : Started RifarealApiApplication in 5.186 seconds (JVM running for 6.848)
2020-11-30 15:26:54.267  INFO 40696 --- [http-nio-8080-exec-2] o.a.c.c.C.[.[localhost].[/dev/v1]        : Initializing Spring DispatcherServlet 'dispatcherServlet'
2020-11-30 15:26:54.268  INFO 40696 --- [http-nio-8080-exec-2] o.s.web.servlet.DispatcherServlet        : Initializing Servlet 'dispatcherServlet'
